<?xml version="1.0" encoding="UTF-8"?>
<Site BuildName="Darwin-c++"
	BuildStamp="20171014-0722-Experimental"
	Name="MacBook-Pro"
	Generator="ctest-3.10.0-rc2"
	CompilerName="/Applications/Xcode.app/Contents/Developer/Toolchains/XcodeDefault.xctoolchain/usr/bin/c++"
	CompilerVersion="9.0.0.9000037"
	OSName="Mac OS X"
	Hostname="MacBook-Pro"
	OSRelease="10.13"
	OSVersion="17A405"
	OSPlatform="x86_64"
	Is64Bits="1"
	VendorString="GenuineIntel"
	VendorID="Intel Corporation"
	FamilyID="6"
	ModelID="61"
	ProcessorCacheSize="32768"
	NumberOfLogicalCPU="4"
	NumberOfPhysicalCPU="2"
	TotalVirtualMemory="1024"
	TotalPhysicalMemory="12288"
	LogicalProcessorsPerPhysical="8"
	ProcessorClockFrequency="2394"
	>
	<Testing>
		<StartDateTime>Oct 14 15:22 CST</StartDateTime>
		<StartTestTime>1507965755</StartTestTime>
		<TestList/>
		<EndDateTime>Oct 14 15:22 CST</EndDateTime>
		<EndTestTime>1507965755</EndTestTime>
		<ElapsedMinutes>0</ElapsedMinutes>
	</Testing>
</Site>
